# JRE version: OpenJDK Runtime Environment Temurin-17.0.9+9 (17.0.9+9) (build 17.0.9+9)
# Java VM: OpenJDK 64-Bit Server VM Temurin-17.0.9+9 (17.0.9+9, mixed mode, emulated-client, tiered, compressed oops, compressed class ptrs, g1 gc, windows-amd64)
GC Precious Log:
 CPUs: 8 total, 8 available
 Memory: 8035M
 Large Page Support: Disabled
 NUMA Support: Disabled
 Compressed Oops: Enabled (32-bit)
 Heap Region Size: 1M
 Heap Min Capacity: 8M
 Heap Initial Capacity: 126M
 Heap Max Capacity: 2010M
 Pre-touch: Disabled
 Parallel Workers: 8
 Concurrent Workers: 2
 Concurrent Refinement Workers: 8
 Periodic GC: Disabled
Heap:
 garbage-first heap   total 63488K, used 43445K [0x0000000082600000, 0x0000000100000000)
  region size 1024K, 16 young (16384K), 2 survivors (2048K)
 Metaspace       used 74811K, committed 75456K, reserved 1114112K
  class space    used 10206K, committed 10496K, reserved 1048576K
GC Heap History (20 events):
Event: 5.731 GC heap before
{Heap before GC invocations=11 (full 0):
 garbage-first heap   total 61440K, used 44829K [0x0000000082600000, 0x0000000100000000)
  region size 1024K, 30 young (30720K), 4 survivors (4096K)
 Metaspace       used 47430K, committed 47936K, reserved 1114112K
  class space    used 6224K, committed 6464K, reserved 1048576K
}
Event: 5.739 GC heap after
{Heap after GC invocations=12 (full 0):
 garbage-first heap   total 61440K, used 20975K [0x0000000082600000, 0x0000000100000000)
  region size 1024K, 2 young (2048K), 2 survivors (2048K)
 Metaspace       used 47430K, committed 47936K, reserved 1114112K
  class space    used 6224K, committed 6464K, reserved 1048576K
}
Event: 6.848 GC heap before
{Heap before GC invocations=12 (full 0):
 garbage-first heap   total 61440K, used 46575K [0x0000000082600000, 0x0000000100000000)
  region size 1024K, 28 young (28672K), 2 survivors (2048K)
 Metaspace       used 56351K, committed 56832K, reserved 1114112K
  class space    used 7399K, committed 7616K, reserved 1048576K
}
Event: 6.853 GC heap after
{Heap after GC invocations=13 (full 0):
 garbage-first heap   total 61440K, used 23181K [0x0000000082600000, 0x0000000100000000)
  region size 1024K, 4 young (4096K), 4 survivors (4096K)
 Metaspace       used 56351K, committed 56832K, reserved 1114112K
  class space    used 7399K, committed 7616K, reserved 1048576K
}
Event: 7.105 GC heap before
{Heap before GC invocations=13 (full 0):
 garbage-first heap   total 61440K, used 33421K [0x0000000082600000, 0x0000000100000000)
  region size 1024K, 16 young (16384K), 4 survivors (4096K)
 Metaspace       used 59846K, committed 60288K, reserved 1114112K
  class space    used 7855K, committed 8064K, reserved 1048576K
}
Event: 7.111 GC heap after
{Heap after GC invocations=14 (full 0):
 garbage-first heap   total 61440K, used 23841K [0x0000000082600000, 0x0000000100000000)
  region size 1024K, 1 young (1024K), 1 survivors (1024K)
 Metaspace       used 59846K, committed 60288K, reserved 1114112K
  class space    used 7855K, committed 8064K, reserved 1048576K
}
Event: 7.734 GC heap before
{Heap before GC invocations=15 (full 0):
 garbage-first heap   total 61440K, used 48417K [0x0000000082600000, 0x0000000100000000)
  region size 1024K, 25 young (25600K), 1 survivors (1024K)
 Metaspace       used 66192K, committed 66688K, reserved 1114112K
  class space    used 9009K, committed 9216K, reserved 1048576K
}
Event: 7.738 GC heap after
{Heap after GC invocations=16 (full 0):
 garbage-first heap   total 61440K, used 24510K [0x0000000082600000, 0x0000000100000000)
  region size 1024K, 2 young (2048K), 2 survivors (2048K)
 Metaspace       used 66192K, committed 66688K, reserved 1114112K
  class space    used 9009K, committed 9216K, reserved 1048576K
}
Event: 8.531 GC heap before
{Heap before GC invocations=17 (full 0):
 garbage-first heap   total 61440K, used 49086K [0x0000000082600000, 0x0000000100000000)
  region size 1024K, 26 young (26624K), 2 survivors (2048K)
 Metaspace       used 68843K, committed 69376K, reserved 1114112K
  class space    used 9413K, committed 9664K, reserved 1048576K
}
Event: 8.537 GC heap after
{Heap after GC invocations=18 (full 0):
 garbage-first heap   total 61440K, used 26930K [0x0000000082600000, 0x0000000100000000)
  region size 1024K, 4 young (4096K), 4 survivors (4096K)
 Metaspace       used 68843K, committed 69376K, reserved 1114112K
  class space    used 9413K, committed 9664K, reserved 1048576K
}
Event: 9.018 GC heap before
{Heap before GC invocations=18 (full 0):
 garbage-first heap   total 61440K, used 49458K [0x0000000082600000, 0x0000000100000000)
  region size 1024K, 26 young (26624K), 4 survivors (4096K)
 Metaspace       used 71672K, committed 72192K, reserved 1114112K
  class space    used 9782K, committed 10048K, reserved 1048576K
}
Event: 9.025 GC heap after
{Heap after GC invocations=19 (full 0):
 garbage-first heap   total 61440K, used 28956K [0x0000000082600000, 0x0000000100000000)
  region size 1024K, 3 young (3072K), 3 survivors (3072K)
 Metaspace       used 71672K, committed 72192K, reserved 1114112K
  class space    used 9782K, committed 10048K, reserved 1048576K
}
Event: 66.520 GC heap before
{Heap before GC invocations=19 (full 0):
 garbage-first heap   total 61440K, used 45340K [0x0000000082600000, 0x0000000100000000)
  region size 1024K, 21 young (21504K), 3 survivors (3072K)
 Metaspace       used 74519K, committed 75072K, reserved 1114112K
  class space    used 10165K, committed 10432K, reserved 1048576K
}
Event: 66.581 GC heap after
{Heap after GC invocations=20 (full 1):
 garbage-first heap   total 61440K, used 25064K [0x0000000082600000, 0x0000000100000000)
  region size 1024K, 0 young (0K), 0 survivors (0K)
 Metaspace       used 74519K, committed 75072K, reserved 1114112K
  class space    used 10165K, committed 10432K, reserved 1048576K
}
Event: 67.019 GC heap before
{Heap before GC invocations=20 (full 1):
 garbage-first heap   total 61440K, used 47592K [0x0000000082600000, 0x0000000100000000)
  region size 1024K, 22 young (22528K), 0 survivors (0K)
 Metaspace       used 74529K, committed 75072K, reserved 1114112K
  class space    used 10169K, committed 10432K, reserved 1048576K
}
Event: 67.022 GC heap after
{Heap after GC invocations=21 (full 1):
 garbage-first heap   total 61440K, used 27058K [0x0000000082600000, 0x0000000100000000)
  region size 1024K, 2 young (2048K), 2 survivors (2048K)
 Metaspace       used 74529K, committed 75072K, reserved 1114112K
  class space    used 10169K, committed 10432K, reserved 1048576K
}
Event: 67.413 GC heap before
{Heap before GC invocations=21 (full 1):
 garbage-first heap   total 61440K, used 47538K [0x0000000082600000, 0x0000000100000000)
  region size 1024K, 22 young (22528K), 2 survivors (2048K)
 Metaspace       used 74598K, committed 75264K, reserved 1114112K
  class space    used 10181K, committed 10496K, reserved 1048576K
}
Event: 67.419 GC heap after
{Heap after GC invocations=22 (full 1):
 garbage-first heap   total 61440K, used 28564K [0x0000000082600000, 0x0000000100000000)
  region size 1024K, 2 young (2048K), 2 survivors (2048K)
 Metaspace       used 74598K, committed 75264K, reserved 1114112K
  class space    used 10181K, committed 10496K, reserved 1048576K
}
Event: 67.626 GC heap before
{Heap before GC invocations=22 (full 1):
 garbage-first heap   total 61440K, used 45972K [0x0000000082600000, 0x0000000100000000)
  region size 1024K, 20 young (20480K), 2 survivors (2048K)
 Metaspace       used 74704K, committed 75392K, reserved 1114112K
  class space    used 10188K, committed 10496K, reserved 1048576K
}
Event: 67.632 GC heap after
{Heap after GC invocations=23 (full 1):
 garbage-first heap   total 61440K, used 30133K [0x0000000082600000, 0x0000000100000000)
  region size 1024K, 2 young (2048K), 2 survivors (2048K)
 Metaspace       used 74704K, committed 75392K, reserved 1114112K
  class space    used 10188K, committed 10496K, reserved 1048576K
}

